heap profile: 1842: 16151056 [16429: 18978528] @ heap/1048576
1: 16007168 [1: 16007168] @ 0x43c68c 0x482d3e 0x4838c1 0x401311 0x42d37d 0x45a0a1
348: 61248 [348: 61248] @ 0x43c68c 0x482223 0x482091 0x482ed4 0x4838c1 0x401311 0x42d37d 0x45a0a1
1: 32768 [1: 32768] @ 0x43c68c 0x463c68 0x464e7d 0x46820a 0x46bdee 0x4010b2 0x4776d7 0x47b82f 0x40129d 0x42d3ae 0x45a0a1
156: 7488 [156: 7488] @ 0x481cee 0x482903 0x482af0 0x481b51 0x482ebd 0x4838c1 0x401311 0x42d37d 0x45a0a1
102: 4896 [102: 4896] @ 0x481e2e 0x482b73 0x481b51 0x482ebd 0x4838c1 0x401311 0x42d37d 0x45a0a1
101: 4848 [101: 4848] @ 0x481e2e 0x482b73 0x482af0 0x482af0 0x481b51 0x482ebd 0x4838c1 0x401311 0x42d37d 0x45a0a1
91: 4368 [91: 4368] @ 0x481cee 0x482903 0x482af0 0x482af0 0x481b51 0x482ebd 0x4838c1 0x401311 0x42d37d 0x45a0a1
88: 4224 [88: 4224] @ 0x481cee 0x482903 0x482af0 0x482af0 0x482af0 0x481b51 0x482ebd 0x4838c1 0x401311 0x42d37d 0x45a0a1
87: 4176 [87: 4176] @ 0x481e2e 0x482b73 0x482af0 0x481b51 0x482ebd 0x4838c1 0x401311 0x42d37d 0x45a0a1
114: 3648 [114: 3648] @ 0x481bbe 0x4827f7 0x482af0 0x481b51 0x482ebd 0x4838c1 0x401311 0x42d37d 0x45a0a1
209: 3344 [209: 3344] @ 0x44104e 0x440ed6 0x508861 0x5083f7 0x507c8a 0x508213 0x507cb2 0x507ebc 0x507cdc 0x508213 0x502e1f 0x501224 0x50069d 0x5001c2 0x481b01 0x482ebd 0x4838c1 0x401311 0x42d37d 0x45a0a1
72: 2304 [72: 2304] @ 0x482251 0x482091 0x482ed4 0x4838c1 0x401311 0x42d37d 0x45a0a1
67: 2144 [67: 2144] @ 0x481bbe 0x4827f7 0x482af0 0x482af0 0x482af0 0x481b51 0x482ebd 0x4838c1 0x401311 0x42d37d 0x45a0a1
67: 2144 [67: 2144] @ 0x481bbe 0x4827f7 0x482af0 0x482af0 0x481b51 0x482ebd 0x4838c1 0x401311 0x42d37d 0x45a0a1
129: 2064 [129: 2064] @ 0x44104e 0x440ed6 0x508861 0x5083f7 0x507c8a 0x508213 0x507cb2 0x507ebc 0x507cdc 0x508213 0x507cb2 0x507ebc 0x507cdc 0x508213 0x502e1f 0x501224 0x50069d 0x5001c2 0x481b01 0x482ebd 0x4838c1 0x401311 0x42d37d 0x45a0a1
89: 1424 [89: 1424] @ 0x44104e 0x440ed6 0x508861 0x5083f7 0x507c8a 0x508213 0x507cb2 0x507ebc 0x507cdc 0x508213 0x507cb2 0x507ebc 0x507cdc 0x508213 0x507cb2 0x507ebc 0x507cdc 0x508213 0x502e1f 0x501224 0x50069d 0x5001c2 0x481b01 0x482ebd 0x4838c1 0x401311 0x42d37d 0x45a0a1
1: 896 [1: 896] @ 0x43c68c 0x427f80 0x42e551 0x457710
35: 560 [35: 560] @ 0x43c68c 0x482a15 0x481b51 0x482ebd 0x4838c1 0x401311 0x42d37d 0x45a0a1
32: 512 [32: 512] @ 0x43c68c 0x482a15 0x482af0 0x481b51 0x482ebd 0x4838c1 0x401311 0x42d37d 0x45a0a1
29: 464 [29: 464] @ 0x44104e 0x440ed6 0x508861 0x5083f7 0x507c8a 0x508213 0x502e1f 0x501224 0x50069d 0x5001c2 0x481b01 0x482ebd 0x4838c1 0x401311 0x42d37d 0x45a0a1
23: 368 [23: 368] @ 0x43c68c 0x482a15 0x482af0 0x482af0 0x481b51 0x482ebd 0x4838c1 0x401311 0x42d37d 0x45a0a1
0: 0 [3: 96] @ 0x481bbe 0x4827f7 0x482af0 0x482af0 0x481b51 0x48318f 0x4760d1 0x476458 0x45a0a1
0: 0 [14: 224] @ 0x44104e 0x440ed6 0x508526 0x507c8a 0x508213 0x507cb2 0x507ebc 0x507cdc 0x508213 0x507cb2 0x507ebc 0x507cdc 0x508213 0x502e1f 0x501224 0x50069d 0x5001c2 0x481b01 0x48318f 0x4760d1 0x476458 0x45a0a1
0: 0 [8: 384] @ 0x408478 0x508041 0x502e1f 0x501224 0x50069d 0x5001c2 0x481b01 0x48318f 0x4760d1 0x476458 0x45a0a1
0: 0 [4: 64] @ 0x40cc60 0x50847e 0x507c8a 0x508213 0x502e1f 0x501224 0x50069d 0x5001c2 0x481b01 0x48318f 0x4760d1 0x476458 0x45a0a1
0: 0 [13: 624] @ 0x481cee 0x482903 0x482af0 0x482af0 0x481b51 0x48318f 0x4760d1 0x476458 0x45a0a1
0: 0 [5: 240] @ 0x4fe6d1 0x482c8c 0x481f03 0x482b73 0x481b51 0x48318f 0x4760d1 0x476458 0x45a0a1
0: 0 [12: 384] @ 0x40cc60 0x507d1d 0x508213 0x507cb2 0x507ebc 0x507cdc 0x508213 0x502e1f 0x501224 0x50069d 0x5001c2 0x481b01 0x48318f 0x4760d1 0x476458 0x45a0a1
0: 0 [11: 528] @ 0x4fe6d1 0x482c8c 0x481c4d 0x4827f7 0x482af0 0x482af0 0x481b51 0x48318f 0x4760d1 0x476458 0x45a0a1
0: 0 [7: 112] @ 0x40cc60 0x50479e 0x50854f 0x507c8a 0x508213 0x507cb2 0x507ebc 0x507cdc 0x508213 0x507cb2 0x507ebc 0x507cdc 0x508213 0x502e1f 0x501224 0x50069d 0x5001c2 0x481b01 0x48318f 0x4760d1 0x476458 0x45a0a1
0: 0 [10: 320] @ 0x481bbe 0x4827f7 0x482af0 0x481b51 0x48318f 0x4760d1 0x476458 0x45a0a1
0: 0 [13: 832] @ 0x43ca98 0x507fad 0x507cdc 0x508213 0x502e1f 0x501224 0x50069d 0x5001c2 0x481b01 0x48318f 0x4760d1 0x476458 0x45a0a1
0: 0 [24: 1152] @ 0x408478 0x508041 0x507cb2 0x507ebc 0x507cdc 0x508213 0x507cb2 0x507ebc 0x507cdc 0x508213 0x507cb2 0x507ebc 0x507cdc 0x508213 0x502e1f 0x501224 0x50069d 0x5001c2 0x481b01 0x48318f 0x4760d1 0x476458 0x45a0a1
0: 0 [5: 160] @ 0x481bbe 0x4827f7 0x482af0 0x482af0 0x482af0 0x481b51 0x48318f 0x4760d1 0x476458 0x45a0a1
0: 0 [31: 1488] @ 0x408478 0x508041 0x507cb2 0x507ebc 0x507cdc 0x508213 0x507cb2 0x507ebc 0x507cdc 0x508213 0x502e1f 0x501224 0x50069d 0x5001c2 0x481b01 0x48318f 0x4760d1 0x476458 0x45a0a1
0: 0 [16: 256] @ 0x40cc60 0x50847e 0x507c8a 0x508213 0x507cb2 0x507ebc 0x507cdc 0x508213 0x507cb2 0x507ebc 0x507cdc 0x508213 0x507cb2 0x507ebc 0x507cdc 0x508213 0x502e1f 0x501224 0x50069d 0x5001c2 0x481b01 0x48318f 0x4760d1 0x476458 0x45a0a1
0: 0 [7: 336] @ 0x4fe6d1 0x482c8c 0x481f03 0x482b73 0x482af0 0x481b51 0x48318f 0x4760d1 0x476458 0x45a0a1
0: 0 [19: 304] @ 0x44104e 0x440ed6 0x508526 0x507c8a 0x508213 0x507cb2 0x507ebc 0x507cdc 0x508213 0x502e1f 0x501224 0x50069d 0x5001c2 0x481b01 0x48318f 0x4760d1 0x476458 0x45a0a1
0: 0 [14: 672] @ 0x4fe6d1 0x482c8c 0x481dae 0x482903 0x482af0 0x482af0 0x481b51 0x48318f 0x4760d1 0x476458 0x45a0a1
0: 0 [5: 80] @ 0x43ca98 0x507fad 0x507cdc 0x508213 0x507cb2 0x507ebc 0x507cdc 0x508213 0x502e1f 0x501224 0x50069d 0x5001c2 0x481b01 0x48318f 0x4760d1 0x476458 0x45a0a1
0: 0 [37: 592] @ 0x44104e 0x440ed6 0x508861 0x508149 0x507cb2 0x507ebc 0x507cdc 0x508213 0x502e1f 0x501224 0x50069d 0x5001c2 0x481b01 0x48318f 0x4760d1 0x476458 0x45a0a1
0: 0 [9: 144] @ 0x43ca98 0x507fad 0x507cdc 0x508213 0x507cb2 0x507ebc 0x507cdc 0x508213 0x507cb2 0x507ebc 0x507cdc 0x508213 0x502e1f 0x501224 0x50069d 0x5001c2 0x481b01 0x48318f 0x4760d1 0x476458 0x45a0a1
0: 0 [112: 32256] @ 0x408ec1 0x508255 0x507cb2 0x507ebc 0x507cdc 0x508213 0x507cb2 0x507ebc 0x507cdc 0x508213 0x507cb2 0x507ebc 0x507cdc 0x508213 0x502e1f 0x501224 0x50069d 0x5001c2 0x481b01 0x48318f 0x4760d1 0x476458 0x45a0a1
0: 0 [32: 512] @ 0x44104e 0x440ed6 0x508861 0x508149 0x507cb2 0x507ebc 0x507cdc 0x508213 0x507cb2 0x507ebc 0x507cdc 0x508213 0x502e1f 0x501224 0x50069d 0x5001c2 0x481b01 0x48318f 0x4760d1 0x476458 0x45a0a1
0: 0 [16: 256] @ 0x44104e 0x440ed6 0x508861 0x508149 0x502e1f 0x501224 0x50069d 0x5001c2 0x481b01 0x48318f 0x4760d1 0x476458 0x45a0a1
0: 0 [5: 80] @ 0x43ca98 0x507fad 0x507cdc 0x508213 0x502e1f 0x501224 0x50069d 0x5001c2 0x481b01 0x48318f 0x4760d1 0x476458 0x45a0a1
0: 0 [9: 432] @ 0x481cee 0x482903 0x482af0 0x482af0 0x482af0 0x481b51 0x48318f 0x4760d1 0x476458 0x45a0a1
0: 0 [12: 576] @ 0x4820d9 0x4831db 0x4760d1 0x476458 0x45a0a1
0: 0 [34: 4352] @ 0x43ca98 0x507fad 0x507cdc 0x508213 0x502e1f 0x501224 0x50069d 0x5001c2 0x481b01 0x48318f 0x4760d1 0x476458 0x45a0a1
0: 0 [7: 336] @ 0x4fe6d1 0x482c8c 0x481c4d 0x4827f7 0x482af0 0x482af0 0x482af0 0x481b51 0x48318f 0x4760d1 0x476458 0x45a0a1
0: 0 [55: 15840] @ 0x408ec1 0x508255 0x502e1f 0x501224 0x50069d 0x5001c2 0x481b01 0x48318f 0x4760d1 0x476458 0x45a0a1
0: 0 [9: 576] @ 0x43ca98 0x507fad 0x507cdc 0x508213 0x507cb2 0x507ebc 0x507cdc 0x508213 0x502e1f 0x501224 0x50069d 0x5001c2 0x481b01 0x48318f 0x4760d1 0x476458 0x45a0a1
0: 0 [10: 320] @ 0x43ca98 0x507fad 0x507cdc 0x508213 0x502e1f 0x501224 0x50069d 0x5001c2 0x481b01 0x48318f 0x4760d1 0x476458 0x45a0a1
0: 0 [46: 8096] @ 0x43c68c 0x482223 0x482091 0x4831db 0x4760d1 0x476458 0x45a0a1
0: 0 [9: 432] @ 0x4fe6d1 0x482c8c 0x481f03 0x482b73 0x482af0 0x482af0 0x481b51 0x48318f 0x4760d1 0x476458 0x45a0a1
0: 0 [15: 720] @ 0x4fe6d1 0x482c8c 0x481dae 0x482903 0x482af0 0x482af0 0x482af0 0x481b51 0x48318f 0x4760d1 0x476458 0x45a0a1
0: 0 [22: 1056] @ 0x481cee 0x482903 0x482af0 0x481b51 0x48318f 0x4760d1 0x476458 0x45a0a1
0: 0 [14: 224] @ 0x44104e 0x440ed6 0x508861 0x5083f7 0x507c8a 0x508213 0x507cb2 0x507ebc 0x507cdc 0x508213 0x507cb2 0x507ebc 0x507cdc 0x508213 0x502e1f 0x501224 0x50069d 0x5001c2 0x481b01 0x48318f 0x4760d1 0x476458 0x45a0a1
0: 0 [3: 48] @ 0x44104e 0x440ed6 0x508861 0x5083f7 0x507c8a 0x508213 0x507cb2 0x507ebc 0x507cdc 0x508213 0x507cb2 0x507ebc 0x507cdc 0x508213 0x507cb2 0x507ebc 0x507cdc 0x508213 0x502e1f 0x501224 0x50069d 0x5001c2 0x481b01 0x48318f 0x4760d1 0x476458 0x45a0a1
0: 0 [57: 2736] @ 0x408478 0x508041 0x507cb2 0x507ebc 0x507cdc 0x508213 0x502e1f 0x501224 0x50069d 0x5001c2 0x481b01 0x48318f 0x4760d1 0x476458 0x45a0a1
0: 0 [17: 272] @ 0x40cc60 0x50479e 0x50854f 0x507c8a 0x508213 0x507cb2 0x507ebc 0x507cdc 0x508213 0x502e1f 0x501224 0x50069d 0x5001c2 0x481b01 0x48318f 0x4760d1 0x476458 0x45a0a1
0: 0 [8: 256] @ 0x40cc60 0x507d1d 0x508213 0x507cb2 0x507ebc 0x507cdc 0x508213 0x507cb2 0x507ebc 0x507cdc 0x508213 0x502e1f 0x501224 0x50069d 0x5001c2 0x481b01 0x48318f 0x4760d1 0x476458 0x45a0a1
0: 0 [24: 384] @ 0x44104e 0x440ed6 0x508861 0x5083f7 0x507c8a 0x508213 0x507cb2 0x507ebc 0x507cdc 0x508213 0x502e1f 0x501224 0x50069d 0x5001c2 0x481b01 0x48318f 0x4760d1 0x476458 0x45a0a1
0: 0 [176: 50688] @ 0x408ec1 0x508255 0x507cb2 0x507ebc 0x507cdc 0x508213 0x507cb2 0x507ebc 0x507cdc 0x508213 0x502e1f 0x501224 0x50069d 0x5001c2 0x481b01 0x48318f 0x4760d1 0x476458 0x45a0a1
0: 0 [3: 48] @ 0x40cc60 0x5084d1 0x507c8a 0x508213 0x507cb2 0x507ebc 0x507cdc 0x508213 0x507cb2 0x507ebc 0x507cdc 0x508213 0x502e1f 0x501224 0x50069d 0x5001c2 0x481b01 0x48318f 0x4760d1 0x476458 0x45a0a1
0: 0 [18: 288] @ 0x40cc60 0x50847e 0x507c8a 0x508213 0x507cb2 0x507ebc 0x507cdc 0x508213 0x507cb2 0x507ebc 0x507cdc 0x508213 0x502e1f 0x501224 0x50069d 0x5001c2 0x481b01 0x48318f 0x4760d1 0x476458 0x45a0a1
0: 0 [100: 51200] @ 0x4411da 0x481ab0 0x48318f 0x4760d1 0x476458 0x45a0a1
0: 0 [21: 1008] @ 0x4fe6d1 0x482c8c 0x481c4d 0x4827f7 0x482af0 0x481b51 0x48318f 0x4760d1 0x476458 0x45a0a1
0: 0 [24: 384] @ 0x44104e 0x440ed6 0x508861 0x508149 0x507cb2 0x507ebc 0x507cdc 0x508213 0x507cb2 0x507ebc 0x507cdc 0x508213 0x507cb2 0x507ebc 0x507cdc 0x508213 0x502e1f 0x501224 0x50069d 0x5001c2 0x481b01 0x48318f 0x4760d1 0x476458 0x45a0a1
0: 0 [267: 76896] @ 0x408ec1 0x508255 0x507cb2 0x507ebc 0x507cdc 0x508213 0x502e1f 0x501224 0x50069d 0x5001c2 0x481b01 0x48318f 0x4760d1 0x476458 0x45a0a1
0: 0 [62: 14880] @ 0x5000d0 0x481b01 0x48318f 0x4760d1 0x476458 0x45a0a1
0: 0 [15: 720] @ 0x481e2e 0x482b73 0x482af0 0x481b51 0x48318f 0x4760d1 0x476458 0x45a0a1
0: 0 [13: 832] @ 0x43ca0a 0x51250a 0x512088 0x51172e 0x50010a 0x481b01 0x48318f 0x4760d1 0x476458 0x45a0a1
0: 0 [26: 416] @ 0x40cc60 0x50847e 0x507c8a 0x508213 0x502e1f 0x501224 0x50069d 0x5001c2 0x481b01 0x482ebd 0x4838c1 0x401311 0x42d37d 0x45a0a1
0: 0 [38: 608] @ 0x43ca98 0x507fad 0x507cdc 0x508213 0x507cb2 0x507ebc 0x507cdc 0x508213 0x502e1f 0x501224 0x50069d 0x5001c2 0x481b01 0x482ebd 0x4838c1 0x401311 0x42d37d 0x45a0a1
0: 0 [118: 7552] @ 0x43ca0a 0x51250a 0x512088 0x51172e 0x50010a 0x481b01 0x482ebd 0x4838c1 0x401311 0x42d37d 0x45a0a1
0: 0 [36: 576] @ 0x43ca98 0x507fad 0x507cdc 0x508213 0x507cb2 0x507ebc 0x507cdc 0x508213 0x507cb2 0x507ebc 0x507cdc 0x508213 0x502e1f 0x501224 0x50069d 0x5001c2 0x481b01 0x482ebd 0x4838c1 0x401311 0x42d37d 0x45a0a1
0: 0 [27: 432] @ 0x44104e 0x440ed6 0x508526 0x507c8a 0x508213 0x502e1f 0x501224 0x50069d 0x5001c2 0x481b01 0x482ebd 0x4838c1 0x401311 0x42d37d 0x45a0a1
0: 0 [99: 4752] @ 0x4820d9 0x482ed4 0x4838c1 0x401311 0x42d37d 0x45a0a1
0: 0 [37: 592] @ 0x43ca98 0x507fad 0x507cdc 0x508213 0x502e1f 0x501224 0x50069d 0x5001c2 0x481b01 0x482ebd 0x4838c1 0x401311 0x42d37d 0x45a0a1
0: 0 [35: 560] @ 0x40cc60 0x5084d1 0x507c8a 0x508213 0x507cb2 0x507ebc 0x507cdc 0x508213 0x507cb2 0x507ebc 0x507cdc 0x508213 0x507cb2 0x507ebc 0x507cdc 0x508213 0x502e1f 0x501224 0x50069d 0x5001c2 0x481b01 0x482ebd 0x4838c1 0x401311 0x42d37d 0x45a0a1
0: 0 [82: 1312] @ 0x40cc60 0x50479e 0x50854f 0x507c8a 0x508213 0x507cb2 0x507ebc 0x507cdc 0x508213 0x507cb2 0x507ebc 0x507cdc 0x508213 0x502e1f 0x501224 0x50069d 0x5001c2 0x481b01 0x482ebd 0x4838c1 0x401311 0x42d37d 0x45a0a1
0: 0 [51: 1632] @ 0x43ca98 0x507fad 0x507cdc 0x508213 0x507cb2 0x507ebc 0x507cdc 0x508213 0x502e1f 0x501224 0x50069d 0x5001c2 0x481b01 0x482ebd 0x4838c1 0x401311 0x42d37d 0x45a0a1
0: 0 [108: 1728] @ 0x40cc60 0x50847e 0x507c8a 0x508213 0x507cb2 0x507ebc 0x507cdc 0x508213 0x507cb2 0x507ebc 0x507cdc 0x508213 0x507cb2 0x507ebc 0x507cdc 0x508213 0x502e1f 0x501224 0x50069d 0x5001c2 0x481b01 0x482ebd 0x4838c1 0x401311 0x42d37d 0x45a0a1
0: 0 [30: 480] @ 0x43ca0a 0x512310 0x51172e 0x50010a 0x481b01 0x482ebd 0x4838c1 0x401311 0x42d37d 0x45a0a1
0: 0 [38: 608] @ 0x40cc60 0x5084d1 0x507c8a 0x508213 0x507cb2 0x507ebc 0x507cdc 0x508213 0x507cb2 0x507ebc 0x507cdc 0x508213 0x502e1f 0x501224 0x50069d 0x5001c2 0x481b01 0x482ebd 0x4838c1 0x401311 0x42d37d 0x45a0a1
0: 0 [54: 1728] @ 0x43ca0a 0x51250a 0x512088 0x51172e 0x50010a 0x481b01 0x482ebd 0x4838c1 0x401311 0x42d37d 0x45a0a1
0: 0 [100: 4800] @ 0x4fe6d1 0x482c8c 0x481c4d 0x4827f7 0x482af0 0x482af0 0x482af0 0x481b51 0x482ebd 0x4838c1 0x401311 0x42d37d 0x45a0a1
0: 0 [61: 1952] @ 0x40cc60 0x507d1d 0x508213 0x507cb2 0x507ebc 0x507cdc 0x508213 0x502e1f 0x501224 0x50069d 0x5001c2 0x481b01 0x482ebd 0x4838c1 0x401311 0x42d37d 0x45a0a1
0: 0 [31: 496] @ 0x481a82 0x482ebd 0x4838c1 0x401311 0x42d37d 0x45a0a1
0: 0 [60: 1920] @ 0x43ca98 0x507fad 0x507cdc 0x508213 0x502e1f 0x501224 0x50069d 0x5001c2 0x481b01 0x482ebd 0x4838c1 0x401311 0x42d37d 0x45a0a1
0: 0 [53: 1696] @ 0x40cc60 0x507d1d 0x508213 0x507cb2 0x507ebc 0x507cdc 0x508213 0x507cb2 0x507ebc 0x507cdc 0x508213 0x502e1f 0x501224 0x50069d 0x5001c2 0x481b01 0x482ebd 0x4838c1 0x401311 0x42d37d 0x45a0a1
0: 0 [113: 7232] @ 0x43ca98 0x507fad 0x507cdc 0x508213 0x507cb2 0x507ebc 0x507cdc 0x508213 0x502e1f 0x501224 0x50069d 0x5001c2 0x481b01 0x482ebd 0x4838c1 0x401311 0x42d37d 0x45a0a1
0: 0 [240: 3840] @ 0x40cc60 0x50847e 0x507c8a 0x508213 0x507cb2 0x507ebc 0x507cdc 0x508213 0x502e1f 0x501224 0x50069d 0x5001c2 0x481b01 0x482ebd 0x4838c1 0x401311 0x42d37d 0x45a0a1
0: 0 [191: 3056] @ 0x44104e 0x440ed6 0x508861 0x508149 0x507cb2 0x507ebc 0x507cdc 0x508213 0x507cb2 0x507ebc 0x507cdc 0x508213 0x507cb2 0x507ebc 0x507cdc 0x508213 0x502e1f 0x501224 0x50069d 0x5001c2 0x481b01 0x482ebd 0x4838c1 0x401311 0x42d37d 0x45a0a1
0: 0 [148: 2368] @ 0x40cc60 0x50847e 0x507c8a 0x508213 0x507cb2 0x507ebc 0x507cdc 0x508213 0x507cb2 0x507ebc 0x507cdc 0x508213 0x502e1f 0x501224 0x50069d 0x5001c2 0x481b01 0x482ebd 0x4838c1 0x401311 0x42d37d 0x45a0a1
0: 0 [106: 5088] @ 0x4fe6d1 0x482c8c 0x481dae 0x482903 0x482af0 0x482af0 0x481b51 0x482ebd 0x4838c1 0x401311 0x42d37d 0x45a0a1
0: 0 [66: 2112] @ 0x43ca98 0x507fad 0x507cdc 0x508213 0x507cb2 0x507ebc 0x507cdc 0x508213 0x507cb2 0x507ebc 0x507cdc 0x508213 0x502e1f 0x501224 0x50069d 0x5001c2 0x481b01 0x482ebd 0x4838c1 0x401311 0x42d37d 0x45a0a1
0: 0 [257: 12336] @ 0x408478 0x508041 0x507cb2 0x507ebc 0x507cdc 0x508213 0x507cb2 0x507ebc 0x507cdc 0x508213 0x502e1f 0x501224 0x50069d 0x5001c2 0x481b01 0x482ebd 0x4838c1 0x401311 0x42d37d 0x45a0a1
0: 0 [225: 28800] @ 0x43ca98 0x507fad 0x507cdc 0x508213 0x502e1f 0x501224 0x50069d 0x5001c2 0x481b01 0x482ebd 0x4838c1 0x401311 0x42d37d 0x45a0a1
0: 0 [174: 8352] @ 0x4fe6d1 0x482c8c 0x481c4d 0x4827f7 0x482af0 0x481b51 0x482ebd 0x4838c1 0x401311 0x42d37d 0x45a0a1
0: 0 [41: 656] @ 0x40cc60 0x50479e 0x50854f 0x507c8a 0x508213 0x502e1f 0x501224 0x50069d 0x5001c2 0x481b01 0x482ebd 0x4838c1 0x401311 0x42d37d 0x45a0a1
0: 0 [54: 864] @ 0x44104e 0x440ed6 0x508526 0x507c8a 0x508213 0x507cb2 0x507ebc 0x507cdc 0x508213 0x507cb2 0x507ebc 0x507cdc 0x508213 0x507cb2 0x507ebc 0x507cdc 0x508213 0x502e1f 0x501224 0x50069d 0x5001c2 0x481b01 0x482ebd 0x4838c1 0x401311 0x42d37d 0x45a0a1
0: 0 [106: 5088] @ 0x4fe6d1 0x482c8c 0x481c4d 0x4827f7 0x482af0 0x482af0 0x481b51 0x482ebd 0x4838c1 0x401311 0x42d37d 0x45a0a1
0: 0 [68: 3264] @ 0x4fe6d1 0x482c8c 0x481f03 0x482b73 0x482af0 0x481b51 0x482ebd 0x4838c1 0x401311 0x42d37d 0x45a0a1
0: 0 [49: 1568] @ 0x40cc60 0x507d1d 0x508213 0x502e1f 0x501224 0x50069d 0x5001c2 0x481b01 0x482ebd 0x4838c1 0x401311 0x42d37d 0x45a0a1
0: 0 [61: 976] @ 0x40cc60 0x5084d1 0x507c8a 0x508213 0x507cb2 0x507ebc 0x507cdc 0x508213 0x502e1f 0x501224 0x50069d 0x5001c2 0x481b01 0x482ebd 0x4838c1 0x401311 0x42d37d 0x45a0a1
0: 0 [123: 7872] @ 0x43ca98 0x507fad 0x507cdc 0x508213 0x502e1f 0x501224 0x50069d 0x5001c2 0x481b01 0x482ebd 0x4838c1 0x401311 0x42d37d 0x45a0a1
0: 0 [249: 3984] @ 0x44104e 0x440ed6 0x508861 0x508149 0x507cb2 0x507ebc 0x507cdc 0x508213 0x507cb2 0x507ebc 0x507cdc 0x508213 0x502e1f 0x501224 0x50069d 0x5001c2 0x481b01 0x482ebd 0x4838c1 0x401311 0x42d37d 0x45a0a1
0: 0 [103: 4944] @ 0x4fe6d1 0x482c8c 0x481dae 0x482903 0x482af0 0x482af0 0x482af0 0x481b51 0x482ebd 0x4838c1 0x401311 0x42d37d 0x45a0a1
0: 0 [193: 9264] @ 0x408478 0x508041 0x507cb2 0x507ebc 0x507cdc 0x508213 0x507cb2 0x507ebc 0x507cdc 0x508213 0x507cb2 0x507ebc 0x507cdc 0x508213 0x502e1f 0x501224 0x50069d 0x5001c2 0x481b01 0x482ebd 0x4838c1 0x401311 0x42d37d 0x45a0a1
0: 0 [91: 1456] @ 0x44104e 0x440ed6 0x508526 0x507c8a 0x508213 0x507cb2 0x507ebc 0x507cdc 0x508213 0x507cb2 0x507ebc 0x507cdc 0x508213 0x502e1f 0x501224 0x50069d 0x5001c2 0x481b01 0x482ebd 0x4838c1 0x401311 0x42d37d 0x45a0a1
0: 0 [137: 2192] @ 0x40cc60 0x50479e 0x50854f 0x507c8a 0x508213 0x507cb2 0x507ebc 0x507cdc 0x508213 0x502e1f 0x501224 0x50069d 0x5001c2 0x481b01 0x482ebd 0x4838c1 0x401311 0x42d37d 0x45a0a1
0: 0 [42: 672] @ 0x43ca0a 0x51250a 0x51172e 0x50010a 0x481b01 0x482ebd 0x4838c1 0x401311 0x42d37d 0x45a0a1
0: 0 [79: 1264] @ 0x44104e 0x440ed6 0x508861 0x508149 0x502e1f 0x501224 0x50069d 0x5001c2 0x481b01 0x482ebd 0x4838c1 0x401311 0x42d37d 0x45a0a1
0: 0 [95: 4560] @ 0x408478 0x508041 0x502e1f 0x501224 0x50069d 0x5001c2 0x481b01 0x482ebd 0x4838c1 0x401311 0x42d37d 0x45a0a1
0: 0 [449: 21552] @ 0x408478 0x508041 0x507cb2 0x507ebc 0x507cdc 0x508213 0x502e1f 0x501224 0x50069d 0x5001c2 0x481b01 0x482ebd 0x4838c1 0x401311 0x42d37d 0x45a0a1
0: 0 [449: 107760] @ 0x5000d0 0x481b01 0x482ebd 0x4838c1 0x401311 0x42d37d 0x45a0a1
0: 0 [75: 3600] @ 0x4fe6d1 0x482c8c 0x481f03 0x482b73 0x481b51 0x482ebd 0x4838c1 0x401311 0x42d37d 0x45a0a1
0: 0 [142: 2272] @ 0x44104e 0x440ed6 0x508526 0x507c8a 0x508213 0x507cb2 0x507ebc 0x507cdc 0x508213 0x502e1f 0x501224 0x50069d 0x5001c2 0x481b01 0x482ebd 0x4838c1 0x401311 0x42d37d 0x45a0a1
0: 0 [186: 8928] @ 0x4fe6d1 0x482c8c 0x481dae 0x482903 0x482af0 0x481b51 0x482ebd 0x4838c1 0x401311 0x42d37d 0x45a0a1
0: 0 [1113: 320544] @ 0x408ec1 0x508255 0x507cb2 0x507ebc 0x507cdc 0x508213 0x507cb2 0x507ebc 0x507cdc 0x508213 0x507cb2 0x507ebc 0x507cdc 0x508213 0x502e1f 0x501224 0x50069d 0x5001c2 0x481b01 0x482ebd 0x4838c1 0x401311 0x42d37d 0x45a0a1
0: 0 [1634: 470592] @ 0x408ec1 0x508255 0x507cb2 0x507ebc 0x507cdc 0x508213 0x507cb2 0x507ebc 0x507cdc 0x508213 0x502e1f 0x501224 0x50069d 0x5001c2 0x481b01 0x482ebd 0x4838c1 0x401311 0x42d37d 0x45a0a1
0: 0 [1006: 515072] @ 0x4411da 0x481ab0 0x482ebd 0x4838c1 0x401311 0x42d37d 0x45a0a1
0: 0 [436: 6976] @ 0x44104e 0x440ed6 0x508861 0x508149 0x507cb2 0x507ebc 0x507cdc 0x508213 0x502e1f 0x501224 0x50069d 0x5001c2 0x481b01 0x482ebd 0x4838c1 0x401311 0x42d37d 0x45a0a1
0: 0 [44: 704] @ 0x40cc60 0x50479e 0x50854f 0x507c8a 0x508213 0x507cb2 0x507ebc 0x507cdc 0x508213 0x507cb2 0x507ebc 0x507cdc 0x508213 0x507cb2 0x507ebc 0x507cdc 0x508213 0x502e1f 0x501224 0x50069d 0x5001c2 0x481b01 0x482ebd 0x4838c1 0x401311 0x42d37d 0x45a0a1
0: 0 [2685: 773280] @ 0x408ec1 0x508255 0x507cb2 0x507ebc 0x507cdc 0x508213 0x502e1f 0x501224 0x50069d 0x5001c2 0x481b01 0x482ebd 0x4838c1 0x401311 0x42d37d 0x45a0a1
0: 0 [542: 156096] @ 0x408ec1 0x508255 0x502e1f 0x501224 0x50069d 0x5001c2 0x481b01 0x482ebd 0x4838c1 0x401311 0x42d37d 0x45a0a1
0: 0 [0: 0] @ 0x43c68c 0x4f865c 0x4f8517 0x47d976 0x47b834 0x40129d 0x42d3ae 0x45a0a1
0: 0 [90: 4320] @ 0x4fe6d1 0x482c8c 0x481f03 0x482b73 0x482af0 0x482af0 0x481b51 0x482ebd 0x4838c1 0x401311 0x42d37d 0x45a0a1
0: 0 [3: 48] @ 0x43c68c 0x482a15 0x481b51 0x48318f 0x4760d1 0x476458 0x45a0a1
0: 0 [5: 80] @ 0x481a82 0x48318f 0x4760d1 0x476458 0x45a0a1
0: 0 [2: 32] @ 0x40cc60 0x5084d1 0x507c8a 0x508213 0x507cb2 0x507ebc 0x507cdc 0x508213 0x507cb2 0x507ebc 0x507cdc 0x508213 0x507cb2 0x507ebc 0x507cdc 0x508213 0x502e1f 0x501224 0x50069d 0x5001c2 0x481b01 0x48318f 0x4760d1 0x476458 0x45a0a1
0: 0 [9: 144] @ 0x44104e 0x440ed6 0x508526 0x507c8a 0x508213 0x507cb2 0x507ebc 0x507cdc 0x508213 0x507cb2 0x507ebc 0x507cdc 0x508213 0x507cb2 0x507ebc 0x507cdc 0x508213 0x502e1f 0x501224 0x50069d 0x5001c2 0x481b01 0x48318f 0x4760d1 0x476458 0x45a0a1
0: 0 [8: 256] @ 0x43ca98 0x507fad 0x507cdc 0x508213 0x507cb2 0x507ebc 0x507cdc 0x508213 0x502e1f 0x501224 0x50069d 0x5001c2 0x481b01 0x48318f 0x4760d1 0x476458 0x45a0a1
0: 0 [7: 112] @ 0x40cc60 0x50479e 0x50854f 0x507c8a 0x508213 0x507cb2 0x507ebc 0x507cdc 0x508213 0x507cb2 0x507ebc 0x507cdc 0x508213 0x507cb2 0x507ebc 0x507cdc 0x508213 0x502e1f 0x501224 0x50069d 0x5001c2 0x481b01 0x48318f 0x4760d1 0x476458 0x45a0a1
0: 0 [4: 64] @ 0x43c68c 0x482a15 0x482af0 0x481b51 0x48318f 0x4760d1 0x476458 0x45a0a1
0: 0 [5: 80] @ 0x40cc60 0x50479e 0x50854f 0x507c8a 0x508213 0x502e1f 0x501224 0x50069d 0x5001c2 0x481b01 0x48318f 0x4760d1 0x476458 0x45a0a1
0: 0 [10: 480] @ 0x481e2e 0x482b73 0x481b51 0x48318f 0x4760d1 0x476458 0x45a0a1
0: 0 [17: 816] @ 0x4fe6d1 0x482c8c 0x481dae 0x482903 0x482af0 0x481b51 0x48318f 0x4760d1 0x476458 0x45a0a1
0: 0 [3: 48] @ 0x43c68c 0x482a15 0x482af0 0x482af0 0x481b51 0x48318f 0x4760d1 0x476458 0x45a0a1
0: 0 [10: 320] @ 0x40cc60 0x507d1d 0x508213 0x502e1f 0x501224 0x50069d 0x5001c2 0x481b01 0x48318f 0x4760d1 0x476458 0x45a0a1
0: 0 [4: 128] @ 0x43ca98 0x507fad 0x507cdc 0x508213 0x507cb2 0x507ebc 0x507cdc 0x508213 0x507cb2 0x507ebc 0x507cdc 0x508213 0x502e1f 0x501224 0x50069d 0x5001c2 0x481b01 0x48318f 0x4760d1 0x476458 0x45a0a1
0: 0 [7: 224] @ 0x482251 0x482091 0x4831db 0x4760d1 0x476458 0x45a0a1
0: 0 [14: 672] @ 0x481e2e 0x482b73 0x482af0 0x482af0 0x481b51 0x48318f 0x4760d1 0x476458 0x45a0a1
0: 0 [26: 416] @ 0x40cc60 0x50847e 0x507c8a 0x508213 0x507cb2 0x507ebc 0x507cdc 0x508213 0x502e1f 0x501224 0x50069d 0x5001c2 0x481b01 0x48318f 0x4760d1 0x476458 0x45a0a1
0: 0 [9: 144] @ 0x43ca0a 0x512310 0x51172e 0x50010a 0x481b01 0x48318f 0x4760d1 0x476458 0x45a0a1
0: 0 [3: 48] @ 0x44104e 0x440ed6 0x508861 0x5083f7 0x507c8a 0x508213 0x502e1f 0x501224 0x50069d 0x5001c2 0x481b01 0x48318f 0x4760d1 0x476458 0x45a0a1
0: 0 [7: 224] @ 0x43ca0a 0x51250a 0x512088 0x51172e 0x50010a 0x481b01 0x48318f 0x4760d1 0x476458 0x45a0a1
0: 0 [6: 96] @ 0x40cc60 0x5084d1 0x507c8a 0x508213 0x507cb2 0x507ebc 0x507cdc 0x508213 0x502e1f 0x501224 0x50069d 0x5001c2 0x481b01 0x48318f 0x4760d1 0x476458 0x45a0a1

# runtime.MemStats
# Alloc = 976269128
# TotalAlloc = 8683972352
# Sys = 1867728464
# Lookups = 6
# Mallocs = 175399451
# Frees = 144396173
# HeapAlloc = 976269128
# HeapSys = 1767014400
# HeapIdle = 551141376
# HeapInuse = 1215873024
# HeapReleased = 0
# HeapObjects = 31003278
# Stack = 163840 / 163840
# MSpan = 20912976 / 23986176
# MCache = 9408 / 16384
# BuckHashSys = 1481874
# NextGC = 1903509613
# PauseNs = [2932500 2932000 1954700 977700 2932800 1956400 1989700 1972000 977600 2950500 995600 994500 977400 977300 977600 2932800 1954400 1954000 977600 1954300 1955200 1954900 975900 977600 2951400 1955200 6844500 1955500 3893300 2935400 3895000 4886600 5868800 3916400 5874800 4894600 6846100 10755800 7820100 913089900 905269500 806529800 800666400 893540100 764490700 786002900 785024200 752761300 745920500 0 0 0 0 0 0 0 0 0 0 0 0 0 0 0 0 0 0 0 0 0 0 0 0 0 0 0 0 0 0 0 0 0 0 0 0 0 0 0 0 0 0 0 0 0 0 0 0 0 0 0 0 0 0 0 0 0 0 0 0 0 0 0 0 0 0 0 0 0 0 0 0 0 0 0 0 0 0 0 0 0 0 0 0 0 0 0 0 0 0 0 0 0 0 0 0 0 0 0 0 0 0 0 0 0 0 0 0 0 0 0 0 0 0 0 0 0 0 0 0 0 0 0 0 0 0 0 0 0 0 0 0 0 0 0 0 0 0 0 0 0 0 0 0 0 0 0 0 0 0 0 0 0 0 0 0 0 0 0 0 0 0 0 0 0 0 0 0 0 0 0 0 0 0 0 0 0 0 0 0 0 0 0 0 0 0 0 0 0 0 0 0 0 0 0 0 0 0 0 0 0 0 0 0 0 0 0]
# NumGC = 49
# EnableGC = true
# DebugGC = false
